<?xml version="1.0" encoding="UTF-8"?>
<testsuite xmlns:xsi="http://www.w3.org/2001/XMLSchema-instance" xsi:schemaLocation="https://maven.apache.org/surefire/maven-surefire-plugin/xsd/surefire-test-report.xsd" name="TestSuite" time="4.204" tests="2" errors="0" skipped="1" failures="1">
  <properties>
    <property name="java.runtime.name" value="Java(TM) SE Runtime Environment"/>
    <property name="sun.boot.library.path" value="C:\Program Files\Java\jre1.8.0_251\bin"/>
    <property name="java.vm.version" value="25.251-b08"/>
    <property name="java.vm.vendor" value="Oracle Corporation"/>
    <property name="maven.multiModuleProjectDirectory" value="C:\Users\CBS Testing\workspace\Niresh\cmsnew"/>
    <property name="java.vendor.url" value="http://java.oracle.com/"/>
    <property name="path.separator" value=";"/>
    <property name="guice.disable.misplaced.annotation.check" value="true"/>
    <property name="java.vm.name" value="Java HotSpot(TM) 64-Bit Server VM"/>
    <property name="file.encoding.pkg" value="sun.io"/>
    <property name="user.script" value=""/>
    <property name="user.country" value="IN"/>
    <property name="sun.java.launcher" value="SUN_STANDARD"/>
    <property name="sun.os.patch.level" value=""/>
    <property name="java.vm.specification.name" value="Java Virtual Machine Specification"/>
    <property name="user.dir" value="C:\Users\CBS Testing\workspace\Niresh\cmsnew"/>
    <property name="java.runtime.version" value="1.8.0_251-b08"/>
    <property name="java.awt.graphicsenv" value="sun.awt.Win32GraphicsEnvironment"/>
    <property name="java.endorsed.dirs" value="C:\Program Files\Java\jre1.8.0_251\lib\endorsed"/>
    <property name="os.arch" value="amd64"/>
    <property name="java.io.tmpdir" value="C:\Users\CBSTES~1\AppData\Local\Temp\"/>
    <property name="line.separator" value="&#10;"/>
    <property name="java.vm.specification.vendor" value="Oracle Corporation"/>
    <property name="user.variant" value=""/>
    <property name="os.name" value="Windows 10"/>
    <property name="classworlds.conf" value="C:\Users\CBS Testing\workspace\Niresh\.metadata\.plugins\org.eclipse.m2e.launching\launches\m2conf4249638588611131318.tmp"/>
    <property name="sun.jnu.encoding" value="Cp1252"/>
    <property name="java.library.path" value="C:\Program Files\Java\jre1.8.0_251\bin;C:\WINDOWS\Sun\Java\bin;C:\WINDOWS\system32;C:\WINDOWS;C:/Users/CBS Testing/.p2/pool/plugins/org.eclipse.justj.openjdk.hotspot.jre.full.win32.x86_64_14.0.2.v20200815-0932/jre/bin/server;C:/Users/CBS Testing/.p2/pool/plugins/org.eclipse.justj.openjdk.hotspot.jre.full.win32.x86_64_14.0.2.v20200815-0932/jre/bin;C:\Program Files (x86)\Common Files\Oracle\Java\javapath;C:\ProgramData\Oracle\Java\javapath;C:\Program Files (x86)\Intel\Intel(R) Management Engine Components\iCLS\;C:\Program Files\Intel\Intel(R) Management Engine Components\iCLS\;C:\WINDOWS\system32;C:\WINDOWS;C:\WINDOWS\System32\Wbem;C:\WINDOWS\System32\WindowsPowerShell\v1.0\;C:\WINDOWS\System32\OpenSSH\;C:\Program Files (x86)\Intel\Intel(R) Management Engine Components\DAL;C:\Program Files\Intel\Intel(R) Management Engine Components\DAL;C:\Program Files\TortoiseSVN\bin;C:\Program Files\Java\jdk1.8.0_161;C:\apache-maven-3.6.1\bin;C:\protactor vs;C:\Program Files\nodejs\;C:\Users\CBS Testing\AppData\Roaming\npm;C:\Users\CBS Testing\AppData\Local\Microsoft\WindowsApps;C:\Users\CBS Testing\AppData\Local\Programs\Git\cmd;C:\Users\CBS Testing\AppData\Local\Programs\Microsoft VS Code\bin;;C:\WINDOWS\system32;;."/>
    <property name="java.specification.name" value="Java Platform API Specification"/>
    <property name="java.class.version" value="52.0"/>
    <property name="sun.management.compiler" value="HotSpot 64-Bit Tiered Compilers"/>
    <property name="os.version" value="10.0"/>
    <property name="user.home" value="C:\Users\CBS Testing"/>
    <property name="user.timezone" value="Asia/Calcutta"/>
    <property name="java.awt.printerjob" value="sun.awt.windows.WPrinterJob"/>
    <property name="java.specification.version" value="1.8"/>
    <property name="file.encoding" value="Cp1252"/>
    <property name="user.name" value="CBS Testing"/>
    <property name="java.class.path" value="C:\Users\CBS Testing\.p2\pool\plugins\org.eclipse.m2e.maven.runtime_1.16.0.20200610-1735\jars\plexus-classworlds-2.6.0.jar"/>
    <property name="java.vm.specification.version" value="1.8"/>
    <property name="sun.arch.data.model" value="64"/>
    <property name="java.home" value="C:\Program Files\Java\jre1.8.0_251"/>
    <property name="sun.java.command" value="org.codehaus.plexus.classworlds.launcher.Launcher -B install"/>
    <property name="java.specification.vendor" value="Oracle Corporation"/>
    <property name="user.language" value="en"/>
    <property name="awt.toolkit" value="sun.awt.windows.WToolkit"/>
    <property name="java.vm.info" value="mixed mode"/>
    <property name="java.version" value="1.8.0_251"/>
    <property name="java.ext.dirs" value="C:\Program Files\Java\jre1.8.0_251\lib\ext;C:\WINDOWS\Sun\Java\lib\ext"/>
    <property name="sun.boot.class.path" value="C:\Program Files\Java\jre1.8.0_251\lib\resources.jar;C:\Program Files\Java\jre1.8.0_251\lib\rt.jar;C:\Program Files\Java\jre1.8.0_251\lib\sunrsasign.jar;C:\Program Files\Java\jre1.8.0_251\lib\jsse.jar;C:\Program Files\Java\jre1.8.0_251\lib\jce.jar;C:\Program Files\Java\jre1.8.0_251\lib\charsets.jar;C:\Program Files\Java\jre1.8.0_251\lib\jfr.jar;C:\Program Files\Java\jre1.8.0_251\classes"/>
    <property name="java.vendor" value="Oracle Corporation"/>
    <property name="maven.home" value="C:\Users\CBS Testing\workspace\Niresh\cmsnew\EMBEDDED"/>
    <property name="file.separator" value="\"/>
    <property name="java.vendor.url.bug" value="http://bugreport.sun.com/bugreport/"/>
    <property name="sun.cpu.endian" value="little"/>
    <property name="sun.io.unicode.encoding" value="UnicodeLittle"/>
    <property name="sun.desktop" value="windows"/>
    <property name="sun.cpu.isalist" value="amd64"/>
  </properties>
  <testcase name="launch" classname="logic.StagingPwaRegistration" time="4.009">
    <failure message="session not created: This version of ChromeDriver only supports Chrome version 79&#10;Build info: version: &apos;3.141.59&apos;, revision: &apos;e82be7d358&apos;, time: &apos;2018-11-14T08:17:03&apos;&#10;System info: host: &apos;10503-D-71026&apos;, ip: &apos;192.168.1.12&apos;, os.name: &apos;Windows 10&apos;, os.arch: &apos;amd64&apos;, os.version: &apos;10.0&apos;, java.version: &apos;1.8.0_251&apos;&#10;Driver info: driver.version: ChromeDriver&#10;remote stacktrace: Backtrace:&#10;	Ordinal0 [0x00CAA113+1548563]&#10;	Ordinal0 [0x00C2DDA1+1039777]&#10;	Ordinal0 [0x00BAE485+517253]&#10;	Ordinal0 [0x00B3FD34+64820]&#10;	Ordinal0 [0x00B3C61E+50718]&#10;	Ordinal0 [0x00B5B797+178071]&#10;	Ordinal0 [0x00B5B59D+177565]&#10;	Ordinal0 [0x00B595FB+169467]&#10;	Ordinal0 [0x00B4160A+71178]&#10;	Ordinal0 [0x00B42690+75408]&#10;	Ordinal0 [0x00B42629+75305]&#10;	Ordinal0 [0x00C471B7+1143223]&#10;	GetHandleVerifier [0x00D42B46+507814]&#10;	GetHandleVerifier [0x00D42864+507076]&#10;	GetHandleVerifier [0x00D49F47+537511]&#10;	GetHandleVerifier [0x00D43402+510050]&#10;	Ordinal0 [0x00C3F29C+1110684]&#10;	Ordinal0 [0x00C4938B+1151883]&#10;	Ordinal0 [0x00C494F3+1152243]&#10;	Ordinal0 [0x00C483F5+1147893]&#10;	BaseThreadInitThunk [0x76F06359+25]&#10;	RtlGetAppContainerNamedObjectPath [0x77B27B74+228]&#10;	RtlGetAppContainerNamedObjectPath [0x77B27B44+180]&#10;" type="org.openqa.selenium.SessionNotCreatedException">org.openqa.selenium.SessionNotCreatedException: 
session not created: This version of ChromeDriver only supports Chrome version 79
Build info: version: '3.141.59', revision: 'e82be7d358', time: '2018-11-14T08:17:03'
System info: host: '10503-D-71026', ip: '192.168.1.12', os.name: 'Windows 10', os.arch: 'amd64', os.version: '10.0', java.version: '1.8.0_251'
Driver info: driver.version: ChromeDriver
remote stacktrace: Backtrace:
	Ordinal0 [0x00CAA113+1548563]
	Ordinal0 [0x00C2DDA1+1039777]
	Ordinal0 [0x00BAE485+517253]
	Ordinal0 [0x00B3FD34+64820]
	Ordinal0 [0x00B3C61E+50718]
	Ordinal0 [0x00B5B797+178071]
	Ordinal0 [0x00B5B59D+177565]
	Ordinal0 [0x00B595FB+169467]
	Ordinal0 [0x00B4160A+71178]
	Ordinal0 [0x00B42690+75408]
	Ordinal0 [0x00B42629+75305]
	Ordinal0 [0x00C471B7+1143223]
	GetHandleVerifier [0x00D42B46+507814]
	GetHandleVerifier [0x00D42864+507076]
	GetHandleVerifier [0x00D49F47+537511]
	GetHandleVerifier [0x00D43402+510050]
	Ordinal0 [0x00C3F29C+1110684]
	Ordinal0 [0x00C4938B+1151883]
	Ordinal0 [0x00C494F3+1152243]
	Ordinal0 [0x00C483F5+1147893]
	BaseThreadInitThunk [0x76F06359+25]
	RtlGetAppContainerNamedObjectPath [0x77B27B74+228]
	RtlGetAppContainerNamedObjectPath [0x77B27B44+180]

	at logic.StagingPwaRegistration.launch(StagingPwaRegistration.java:42)
</failure>
    <system-err><![CDATA[Starting ChromeDriver 79.0.3945.36 (3582db32b33893869b8c1339e8f4d9ed1816f143-refs/branch-heads/3945@{#614}) on port 20109
Only local connections are allowed.
Please protect ports used by ChromeDriver and related test frameworks to prevent access by malicious code.
]]></system-err>
  </testcase>
  <testcase name="test" classname="logic.StagingPwaRegistration" time="0">
    <skipped message="session not created: This version of ChromeDriver only supports Chrome version 79&#10;Build info: version: &apos;3.141.59&apos;, revision: &apos;e82be7d358&apos;, time: &apos;2018-11-14T08:17:03&apos;&#10;System info: host: &apos;10503-D-71026&apos;, ip: &apos;192.168.1.12&apos;, os.name: &apos;Windows 10&apos;, os.arch: &apos;amd64&apos;, os.version: &apos;10.0&apos;, java.version: &apos;1.8.0_251&apos;&#10;Driver info: driver.version: ChromeDriver&#10;remote stacktrace: Backtrace:&#10;	Ordinal0 [0x00CAA113+1548563]&#10;	Ordinal0 [0x00C2DDA1+1039777]&#10;	Ordinal0 [0x00BAE485+517253]&#10;	Ordinal0 [0x00B3FD34+64820]&#10;	Ordinal0 [0x00B3C61E+50718]&#10;	Ordinal0 [0x00B5B797+178071]&#10;	Ordinal0 [0x00B5B59D+177565]&#10;	Ordinal0 [0x00B595FB+169467]&#10;	Ordinal0 [0x00B4160A+71178]&#10;	Ordinal0 [0x00B42690+75408]&#10;	Ordinal0 [0x00B42629+75305]&#10;	Ordinal0 [0x00C471B7+1143223]&#10;	GetHandleVerifier [0x00D42B46+507814]&#10;	GetHandleVerifier [0x00D42864+507076]&#10;	GetHandleVerifier [0x00D49F47+537511]&#10;	GetHandleVerifier [0x00D43402+510050]&#10;	Ordinal0 [0x00C3F29C+1110684]&#10;	Ordinal0 [0x00C4938B+1151883]&#10;	Ordinal0 [0x00C494F3+1152243]&#10;	Ordinal0 [0x00C483F5+1147893]&#10;	BaseThreadInitThunk [0x76F06359+25]&#10;	RtlGetAppContainerNamedObjectPath [0x77B27B74+228]&#10;	RtlGetAppContainerNamedObjectPath [0x77B27B44+180]&#10;"/>
  </testcase>
</testsuite>