<?xml version="1.0" encoding="UTF-8"?>
<testng-results skipped="1" failed="0" ignored="0" total="1" passed="0">
  <reporter-output>
  </reporter-output>
  <suite name="Suite" duration-ms="3388" started-at="2020-09-23T06:50:29Z" finished-at="2020-09-23T06:50:32Z">
    <groups>
    </groups>
    <test name="Test" duration-ms="3388" started-at="2020-09-23T06:50:29Z" finished-at="2020-09-23T06:50:32Z">
      <class name="logic.StagingPwaRegistration">
        <test-method status="FAIL" signature="launch()[pri:0, instance:logic.StagingPwaRegistration@2c9f9fb0]" name="launch" is-config="true" duration-ms="3303" started-at="2020-09-23T06:50:29Z" finished-at="2020-09-23T06:50:32Z">
          <exception class="org.openqa.selenium.SessionNotCreatedException">
            <message>
              <![CDATA[session not created: This version of ChromeDriver only supports Chrome version 79
Build info: version: '3.141.59', revision: 'e82be7d358', time: '2018-11-14T08:17:03'
System info: host: '10503-D-71026', ip: '192.168.1.12', os.name: 'Windows 10', os.arch: 'amd64', os.version: '10.0', java.version: '1.8.0_251'
Driver info: driver.version: ChromeDriver
remote stacktrace: Backtrace:
Ordinal0 [0x00CAA113+1548563]
Ordinal0 [0x00C2DDA1+1039777]
Ordinal0 [0x00BAE485+517253]
Ordinal0 [0x00B3FD34+64820]
Ordinal0 [0x00B3C61E+50718]
Ordinal0 [0x00B5B797+178071]
Ordinal0 [0x00B5B59D+177565]
Ordinal0 [0x00B595FB+169467]
Ordinal0 [0x00B4160A+71178]
Ordinal0 [0x00B42690+75408]
Ordinal0 [0x00B42629+75305]
Ordinal0 [0x00C471B7+1143223]
GetHandleVerifier [0x00D42B46+507814]
GetHandleVerifier [0x00D42864+507076]
GetHandleVerifier [0x00D49F47+537511]
GetHandleVerifier [0x00D43402+510050]
Ordinal0 [0x00C3F29C+1110684]
Ordinal0 [0x00C4938B+1151883]
Ordinal0 [0x00C494F3+1152243]
Ordinal0 [0x00C483F5+1147893]
BaseThreadInitThunk [0x76F06359+25]
RtlGetAppContainerNamedObjectPath [0x77B27B74+228]
RtlGetAppContainerNamedObjectPath [0x77B27B44+180]
]]>
            </message>
            <full-stacktrace>
              <![CDATA[org.openqa.selenium.SessionNotCreatedException: session not created: This version of ChromeDriver only supports Chrome version 79
Build info: version: '3.141.59', revision: 'e82be7d358', time: '2018-11-14T08:17:03'
System info: host: '10503-D-71026', ip: '192.168.1.12', os.name: 'Windows 10', os.arch: 'amd64', os.version: '10.0', java.version: '1.8.0_251'
Driver info: driver.version: ChromeDriver
remote stacktrace: Backtrace:
Ordinal0 [0x00CAA113+1548563]
Ordinal0 [0x00C2DDA1+1039777]
Ordinal0 [0x00BAE485+517253]
Ordinal0 [0x00B3FD34+64820]
Ordinal0 [0x00B3C61E+50718]
Ordinal0 [0x00B5B797+178071]
Ordinal0 [0x00B5B59D+177565]
Ordinal0 [0x00B595FB+169467]
Ordinal0 [0x00B4160A+71178]
Ordinal0 [0x00B42690+75408]
Ordinal0 [0x00B42629+75305]
Ordinal0 [0x00C471B7+1143223]
GetHandleVerifier [0x00D42B46+507814]
GetHandleVerifier [0x00D42864+507076]
GetHandleVerifier [0x00D49F47+537511]
GetHandleVerifier [0x00D43402+510050]
Ordinal0 [0x00C3F29C+1110684]
Ordinal0 [0x00C4938B+1151883]
Ordinal0 [0x00C494F3+1152243]
Ordinal0 [0x00C483F5+1147893]
BaseThreadInitThunk [0x76F06359+25]
RtlGetAppContainerNamedObjectPath [0x77B27B74+228]
RtlGetAppContainerNamedObjectPath [0x77B27B44+180]

at sun.reflect.NativeConstructorAccessorImpl.newInstance0(Native Method)
at sun.reflect.NativeConstructorAccessorImpl.newInstance(Unknown Source)
at sun.reflect.DelegatingConstructorAccessorImpl.newInstance(Unknown Source)
at java.lang.reflect.Constructor.newInstance(Unknown Source)
at org.openqa.selenium.remote.W3CHandshakeResponse.lambda$errorHandler$0(W3CHandshakeResponse.java:62)
at org.openqa.selenium.remote.HandshakeResponse.lambda$getResponseFunction$0(HandshakeResponse.java:30)
at org.openqa.selenium.remote.ProtocolHandshake.lambda$createSession$0(ProtocolHandshake.java:126)
at java.util.stream.ReferencePipeline$3$1.accept(Unknown Source)
at java.util.Spliterators$ArraySpliterator.tryAdvance(Unknown Source)
at java.util.stream.ReferencePipeline.forEachWithCancel(Unknown Source)
at java.util.stream.AbstractPipeline.copyIntoWithCancel(Unknown Source)
at java.util.stream.AbstractPipeline.copyInto(Unknown Source)
at java.util.stream.AbstractPipeline.wrapAndCopyInto(Unknown Source)
at java.util.stream.FindOps$FindOp.evaluateSequential(Unknown Source)
at java.util.stream.AbstractPipeline.evaluate(Unknown Source)
at java.util.stream.ReferencePipeline.findFirst(Unknown Source)
at org.openqa.selenium.remote.ProtocolHandshake.createSession(ProtocolHandshake.java:128)
at org.openqa.selenium.remote.ProtocolHandshake.createSession(ProtocolHandshake.java:74)
at org.openqa.selenium.remote.HttpCommandExecutor.execute(HttpCommandExecutor.java:136)
at org.openqa.selenium.remote.service.DriverCommandExecutor.execute(DriverCommandExecutor.java:83)
at org.openqa.selenium.remote.RemoteWebDriver.execute(RemoteWebDriver.java:552)
at org.openqa.selenium.remote.RemoteWebDriver.startSession(RemoteWebDriver.java:213)
at org.openqa.selenium.remote.RemoteWebDriver.<init>(RemoteWebDriver.java:131)
at org.openqa.selenium.chrome.ChromeDriver.<init>(ChromeDriver.java:181)
at org.openqa.selenium.chrome.ChromeDriver.<init>(ChromeDriver.java:168)
at org.openqa.selenium.chrome.ChromeDriver.<init>(ChromeDriver.java:157)
at logic.StagingPwaRegistration.launch(StagingPwaRegistration.java:42)
at sun.reflect.NativeMethodAccessorImpl.invoke0(Native Method)
at sun.reflect.NativeMethodAccessorImpl.invoke(Unknown Source)
at sun.reflect.DelegatingMethodAccessorImpl.invoke(Unknown Source)
at java.lang.reflect.Method.invoke(Unknown Source)
at org.testng.internal.MethodInvocationHelper.invokeMethod(MethodInvocationHelper.java:124)
at org.testng.internal.MethodInvocationHelper.invokeMethodConsideringTimeout(MethodInvocationHelper.java:59)
at org.testng.internal.Invoker.invokeConfigurationMethod(Invoker.java:458)
at org.testng.internal.Invoker.invokeConfigurations(Invoker.java:222)
at org.testng.internal.Invoker.invokeMethod(Invoker.java:523)
at org.testng.internal.Invoker.invokeTestMethod(Invoker.java:719)
at org.testng.internal.Invoker.invokeTestMethods(Invoker.java:989)
at org.testng.internal.TestMethodWorker.invokeTestMethods(TestMethodWorker.java:125)
at org.testng.internal.TestMethodWorker.run(TestMethodWorker.java:109)
at org.testng.TestRunner.privateRun(TestRunner.java:648)
at org.testng.TestRunner.run(TestRunner.java:505)
at org.testng.SuiteRunner.runTest(SuiteRunner.java:455)
at org.testng.SuiteRunner.runSequentially(SuiteRunner.java:450)
at org.testng.SuiteRunner.privateRun(SuiteRunner.java:415)
at org.testng.SuiteRunner.run(SuiteRunner.java:364)
at org.testng.SuiteRunnerWorker.runSuite(SuiteRunnerWorker.java:52)
at org.testng.SuiteRunnerWorker.run(SuiteRunnerWorker.java:84)
at org.testng.TestNG.runSuitesSequentially(TestNG.java:1208)
at org.testng.TestNG.runSuitesLocally(TestNG.java:1137)
at org.testng.TestNG.runSuites(TestNG.java:1049)
at org.testng.TestNG.run(TestNG.java:1017)
at org.apache.maven.surefire.testng.TestNGExecutor.run(TestNGExecutor.java:281)
at org.apache.maven.surefire.testng.TestNGXmlTestSuite.execute(TestNGXmlTestSuite.java:75)
at org.apache.maven.surefire.testng.TestNGProvider.invoke(TestNGProvider.java:121)
at org.apache.maven.surefire.booter.ForkedBooter.invokeProviderInSameClassLoader(ForkedBooter.java:290)
at org.apache.maven.surefire.booter.ForkedBooter.runSuitesInProcess(ForkedBooter.java:242)
at org.apache.maven.surefire.booter.ForkedBooter.main(ForkedBooter.java:121)
]]>
            </full-stacktrace>
          </exception> <!-- org.openqa.selenium.SessionNotCreatedException -->
          <reporter-output>
          </reporter-output>
        </test-method> <!-- launch -->
        <test-method status="SKIP" signature="test()[pri:0, instance:logic.StagingPwaRegistration@2c9f9fb0]" name="test" duration-ms="0" started-at="2020-09-23T06:50:32Z" finished-at="2020-09-23T06:50:32Z">
          <exception class="org.openqa.selenium.SessionNotCreatedException">
            <message>
              <![CDATA[session not created: This version of ChromeDriver only supports Chrome version 79
Build info: version: '3.141.59', revision: 'e82be7d358', time: '2018-11-14T08:17:03'
System info: host: '10503-D-71026', ip: '192.168.1.12', os.name: 'Windows 10', os.arch: 'amd64', os.version: '10.0', java.version: '1.8.0_251'
Driver info: driver.version: ChromeDriver
remote stacktrace: Backtrace:
Ordinal0 [0x00CAA113+1548563]
Ordinal0 [0x00C2DDA1+1039777]
Ordinal0 [0x00BAE485+517253]
Ordinal0 [0x00B3FD34+64820]
Ordinal0 [0x00B3C61E+50718]
Ordinal0 [0x00B5B797+178071]
Ordinal0 [0x00B5B59D+177565]
Ordinal0 [0x00B595FB+169467]
Ordinal0 [0x00B4160A+71178]
Ordinal0 [0x00B42690+75408]
Ordinal0 [0x00B42629+75305]
Ordinal0 [0x00C471B7+1143223]
GetHandleVerifier [0x00D42B46+507814]
GetHandleVerifier [0x00D42864+507076]
GetHandleVerifier [0x00D49F47+537511]
GetHandleVerifier [0x00D43402+510050]
Ordinal0 [0x00C3F29C+1110684]
Ordinal0 [0x00C4938B+1151883]
Ordinal0 [0x00C494F3+1152243]
Ordinal0 [0x00C483F5+1147893]
BaseThreadInitThunk [0x76F06359+25]
RtlGetAppContainerNamedObjectPath [0x77B27B74+228]
RtlGetAppContainerNamedObjectPath [0x77B27B44+180]
]]>
            </message>
            <full-stacktrace>
              <![CDATA[org.openqa.selenium.SessionNotCreatedException: session not created: This version of ChromeDriver only supports Chrome version 79
Build info: version: '3.141.59', revision: 'e82be7d358', time: '2018-11-14T08:17:03'
System info: host: '10503-D-71026', ip: '192.168.1.12', os.name: 'Windows 10', os.arch: 'amd64', os.version: '10.0', java.version: '1.8.0_251'
Driver info: driver.version: ChromeDriver
remote stacktrace: Backtrace:
Ordinal0 [0x00CAA113+1548563]
Ordinal0 [0x00C2DDA1+1039777]
Ordinal0 [0x00BAE485+517253]
Ordinal0 [0x00B3FD34+64820]
Ordinal0 [0x00B3C61E+50718]
Ordinal0 [0x00B5B797+178071]
Ordinal0 [0x00B5B59D+177565]
Ordinal0 [0x00B595FB+169467]
Ordinal0 [0x00B4160A+71178]
Ordinal0 [0x00B42690+75408]
Ordinal0 [0x00B42629+75305]
Ordinal0 [0x00C471B7+1143223]
GetHandleVerifier [0x00D42B46+507814]
GetHandleVerifier [0x00D42864+507076]
GetHandleVerifier [0x00D49F47+537511]
GetHandleVerifier [0x00D43402+510050]
Ordinal0 [0x00C3F29C+1110684]
Ordinal0 [0x00C4938B+1151883]
Ordinal0 [0x00C494F3+1152243]
Ordinal0 [0x00C483F5+1147893]
BaseThreadInitThunk [0x76F06359+25]
RtlGetAppContainerNamedObjectPath [0x77B27B74+228]
RtlGetAppContainerNamedObjectPath [0x77B27B44+180]

at sun.reflect.NativeConstructorAccessorImpl.newInstance0(Native Method)
at sun.reflect.NativeConstructorAccessorImpl.newInstance(Unknown Source)
at sun.reflect.DelegatingConstructorAccessorImpl.newInstance(Unknown Source)
at java.lang.reflect.Constructor.newInstance(Unknown Source)
at org.openqa.selenium.remote.W3CHandshakeResponse.lambda$errorHandler$0(W3CHandshakeResponse.java:62)
at org.openqa.selenium.remote.HandshakeResponse.lambda$getResponseFunction$0(HandshakeResponse.java:30)
at org.openqa.selenium.remote.ProtocolHandshake.lambda$createSession$0(ProtocolHandshake.java:126)
at java.util.stream.ReferencePipeline$3$1.accept(Unknown Source)
at java.util.Spliterators$ArraySpliterator.tryAdvance(Unknown Source)
at java.util.stream.ReferencePipeline.forEachWithCancel(Unknown Source)
at java.util.stream.AbstractPipeline.copyIntoWithCancel(Unknown Source)
at java.util.stream.AbstractPipeline.copyInto(Unknown Source)
at java.util.stream.AbstractPipeline.wrapAndCopyInto(Unknown Source)
at java.util.stream.FindOps$FindOp.evaluateSequential(Unknown Source)
at java.util.stream.AbstractPipeline.evaluate(Unknown Source)
at java.util.stream.ReferencePipeline.findFirst(Unknown Source)
at org.openqa.selenium.remote.ProtocolHandshake.createSession(ProtocolHandshake.java:128)
at org.openqa.selenium.remote.ProtocolHandshake.createSession(ProtocolHandshake.java:74)
at org.openqa.selenium.remote.HttpCommandExecutor.execute(HttpCommandExecutor.java:136)
at org.openqa.selenium.remote.service.DriverCommandExecutor.execute(DriverCommandExecutor.java:83)
at org.openqa.selenium.remote.RemoteWebDriver.execute(RemoteWebDriver.java:552)
at org.openqa.selenium.remote.RemoteWebDriver.startSession(RemoteWebDriver.java:213)
at org.openqa.selenium.remote.RemoteWebDriver.<init>(RemoteWebDriver.java:131)
at org.openqa.selenium.chrome.ChromeDriver.<init>(ChromeDriver.java:181)
at org.openqa.selenium.chrome.ChromeDriver.<init>(ChromeDriver.java:168)
at org.openqa.selenium.chrome.ChromeDriver.<init>(ChromeDriver.java:157)
at logic.StagingPwaRegistration.launch(StagingPwaRegistration.java:42)
at sun.reflect.NativeMethodAccessorImpl.invoke0(Native Method)
at sun.reflect.NativeMethodAccessorImpl.invoke(Unknown Source)
at sun.reflect.DelegatingMethodAccessorImpl.invoke(Unknown Source)
at java.lang.reflect.Method.invoke(Unknown Source)
at org.testng.internal.MethodInvocationHelper.invokeMethod(MethodInvocationHelper.java:124)
at org.testng.internal.MethodInvocationHelper.invokeMethodConsideringTimeout(MethodInvocationHelper.java:59)
at org.testng.internal.Invoker.invokeConfigurationMethod(Invoker.java:458)
at org.testng.internal.Invoker.invokeConfigurations(Invoker.java:222)
at org.testng.internal.Invoker.invokeMethod(Invoker.java:523)
at org.testng.internal.Invoker.invokeTestMethod(Invoker.java:719)
at org.testng.internal.Invoker.invokeTestMethods(Invoker.java:989)
at org.testng.internal.TestMethodWorker.invokeTestMethods(TestMethodWorker.java:125)
at org.testng.internal.TestMethodWorker.run(TestMethodWorker.java:109)
at org.testng.TestRunner.privateRun(TestRunner.java:648)
at org.testng.TestRunner.run(TestRunner.java:505)
at org.testng.SuiteRunner.runTest(SuiteRunner.java:455)
at org.testng.SuiteRunner.runSequentially(SuiteRunner.java:450)
at org.testng.SuiteRunner.privateRun(SuiteRunner.java:415)
at org.testng.SuiteRunner.run(SuiteRunner.java:364)
at org.testng.SuiteRunnerWorker.runSuite(SuiteRunnerWorker.java:52)
at org.testng.SuiteRunnerWorker.run(SuiteRunnerWorker.java:84)
at org.testng.TestNG.runSuitesSequentially(TestNG.java:1208)
at org.testng.TestNG.runSuitesLocally(TestNG.java:1137)
at org.testng.TestNG.runSuites(TestNG.java:1049)
at org.testng.TestNG.run(TestNG.java:1017)
at org.apache.maven.surefire.testng.TestNGExecutor.run(TestNGExecutor.java:281)
at org.apache.maven.surefire.testng.TestNGXmlTestSuite.execute(TestNGXmlTestSuite.java:75)
at org.apache.maven.surefire.testng.TestNGProvider.invoke(TestNGProvider.java:121)
at org.apache.maven.surefire.booter.ForkedBooter.invokeProviderInSameClassLoader(ForkedBooter.java:290)
at org.apache.maven.surefire.booter.ForkedBooter.runSuitesInProcess(ForkedBooter.java:242)
at org.apache.maven.surefire.booter.ForkedBooter.main(ForkedBooter.java:121)
]]>
            </full-stacktrace>
          </exception> <!-- org.openqa.selenium.SessionNotCreatedException -->
          <reporter-output>
          </reporter-output>
        </test-method> <!-- test -->
      </class> <!-- logic.StagingPwaRegistration -->
    </test> <!-- Test -->
  </suite> <!-- Suite -->
</testng-results>
