<?xml version="1.0" encoding="UTF-8"?>
<!-- Generated by org.testng.reporters.JUnitXMLReporter -->
<testsuite hostname="DESKTOP-2EHDPTI" name="Default test" tests="1" failures="1" timestamp="5 Aug 2019 08:39:15 GMT" time="3.578" errors="0">
  <testcase name="@AfterMethod takeScreenShotOnFailure" time="0.0" classname="Task.com.Matri.com.EditPI">
    <failure type="java.io.IOException" message="Destination &amp;apos;C:\Users\Admin\workspace\PwaApp\screenshot&amp;apos; directory cannot be created">
      <![CDATA[java.io.IOException: Destination 'C:\Users\Admin\workspace\PwaApp\screenshot' directory cannot be created
	at org.apache.commons.io.FileUtils.copyFile(FileUtils.java:1085)
	at org.apache.commons.io.FileUtils.copyFile(FileUtils.java:1038)
	at Task.com.Matri.com.EditPI.takeScreenShotOnFailure(EditPI.java:232)
	at sun.reflect.NativeMethodAccessorImpl.invoke0(Native Method)
	at sun.reflect.NativeMethodAccessorImpl.invoke(Unknown Source)
	at sun.reflect.DelegatingMethodAccessorImpl.invoke(Unknown Source)
	at java.lang.reflect.Method.invoke(Unknown Source)
	at org.testng.internal.MethodInvocationHelper.invokeMethod(MethodInvocationHelper.java:80)
	at org.testng.internal.Invoker.invokeConfigurationMethod(Invoker.java:564)
	at org.testng.internal.Invoker.invokeConfigurations(Invoker.java:213)
	at org.testng.internal.Invoker.invokeMethod(Invoker.java:796)
	at org.testng.internal.Invoker.invokeTestMethod(Invoker.java:907)
	at org.testng.internal.Invoker.invokeTestMethods(Invoker.java:1237)
	at org.testng.internal.TestMethodWorker.invokeTestMethods(TestMethodWorker.java:127)
	at org.testng.internal.TestMethodWorker.run(TestMethodWorker.java:111)
	at org.testng.TestRunner.privateRun(TestRunner.java:767)
	at org.testng.TestRunner.run(TestRunner.java:617)
	at org.testng.SuiteRunner.runTest(SuiteRunner.java:334)
	at org.testng.SuiteRunner.runSequentially(SuiteRunner.java:329)
	at org.testng.SuiteRunner.privateRun(SuiteRunner.java:291)
	at org.testng.SuiteRunner.run(SuiteRunner.java:240)
	at org.testng.SuiteRunnerWorker.runSuite(SuiteRunnerWorker.java:51)
	at org.testng.SuiteRunnerWorker.run(SuiteRunnerWorker.java:85)
	at org.testng.TestNG.runSuitesSequentially(TestNG.java:1197)
	at org.testng.TestNG.runSuitesLocally(TestNG.java:1122)
	at org.testng.TestNG.run(TestNG.java:1030)
	at org.testng.remote.AbstractRemoteTestNG.run(AbstractRemoteTestNG.java:132)
	at org.testng.remote.RemoteTestNG.initAndRun(RemoteTestNG.java:230)
	at org.testng.remote.RemoteTestNG.main(RemoteTestNG.java:76)
]]>
    </failure>
  </testcase> <!-- @AfterMethod takeScreenShotOnFailure -->
  <testcase name="testUntitled" time="0.003" classname="Task.com.Matri.com.EditPI">
    <failure type="java.lang.Error" message="Unresolved compilation problems: 
	The method findElementByXPath(String) is undefined for the type WebDriver
	The method findElementByXPath(String) is undefined for the type WebDriver
	The method swipe(int, int, int, int, int) is undefined for the type WebDriver
	The method swipe(int, int, int, int, int) is undefined for the type WebDriver
	The method swipe(int, int, int, int, int) is undefined for the type WebDriver
	The method findElementByXPath(String) is undefined for the type WebDriver
	The method findElementByXPath(String) is undefined for the type WebDriver
	The method findElementByXPath(String) is undefined for the type WebDriver
	The method findElementByXPath(String) is undefined for the type WebDriver
	The method findElementByXPath(String) is undefined for the type WebDriver
	The method findElementByXPath(String) is undefined for the type WebDriver
	The method findElementByXPath(String) is undefined for the type WebDriver
	The method findElementByXPath(String) is undefined for the type WebDriver
	The method findElementByXPath(String) is undefined for the type WebDriver
	The method findElementByXPath(String) is undefined for the type WebDriver
	The method findElementByXPath(String) is undefined for the type WebDriver
">
      <![CDATA[java.lang.Error: Unresolved compilation problems: 
	The method findElementByXPath(String) is undefined for the type WebDriver
	The method findElementByXPath(String) is undefined for the type WebDriver
	The method swipe(int, int, int, int, int) is undefined for the type WebDriver
	The method swipe(int, int, int, int, int) is undefined for the type WebDriver
	The method swipe(int, int, int, int, int) is undefined for the type WebDriver
	The method findElementByXPath(String) is undefined for the type WebDriver
	The method findElementByXPath(String) is undefined for the type WebDriver
	The method findElementByXPath(String) is undefined for the type WebDriver
	The method findElementByXPath(String) is undefined for the type WebDriver
	The method findElementByXPath(String) is undefined for the type WebDriver
	The method findElementByXPath(String) is undefined for the type WebDriver
	The method findElementByXPath(String) is undefined for the type WebDriver
	The method findElementByXPath(String) is undefined for the type WebDriver
	The method findElementByXPath(String) is undefined for the type WebDriver
	The method findElementByXPath(String) is undefined for the type WebDriver
	The method findElementByXPath(String) is undefined for the type WebDriver

	at Task.com.Matri.com.EditPI.testUntitled(EditPI.java:87)
	at sun.reflect.NativeMethodAccessorImpl.invoke0(Native Method)
	at sun.reflect.NativeMethodAccessorImpl.invoke(Unknown Source)
	at sun.reflect.DelegatingMethodAccessorImpl.invoke(Unknown Source)
	at java.lang.reflect.Method.invoke(Unknown Source)
	at org.testng.internal.MethodInvocationHelper.invokeMethod(MethodInvocationHelper.java:80)
	at org.testng.internal.Invoker.invokeMethod(Invoker.java:715)
	at org.testng.internal.Invoker.invokeTestMethod(Invoker.java:907)
	at org.testng.internal.Invoker.invokeTestMethods(Invoker.java:1237)
	at org.testng.internal.TestMethodWorker.invokeTestMethods(TestMethodWorker.java:127)
	at org.testng.internal.TestMethodWorker.run(TestMethodWorker.java:111)
	at org.testng.TestRunner.privateRun(TestRunner.java:767)
	at org.testng.TestRunner.run(TestRunner.java:617)
	at org.testng.SuiteRunner.runTest(SuiteRunner.java:334)
	at org.testng.SuiteRunner.runSequentially(SuiteRunner.java:329)
	at org.testng.SuiteRunner.privateRun(SuiteRunner.java:291)
	at org.testng.SuiteRunner.run(SuiteRunner.java:240)
	at org.testng.SuiteRunnerWorker.runSuite(SuiteRunnerWorker.java:51)
	at org.testng.SuiteRunnerWorker.run(SuiteRunnerWorker.java:85)
	at org.testng.TestNG.runSuitesSequentially(TestNG.java:1197)
	at org.testng.TestNG.runSuitesLocally(TestNG.java:1122)
	at org.testng.TestNG.run(TestNG.java:1030)
	at org.testng.remote.AbstractRemoteTestNG.run(AbstractRemoteTestNG.java:132)
	at org.testng.remote.RemoteTestNG.initAndRun(RemoteTestNG.java:230)
	at org.testng.remote.RemoteTestNG.main(RemoteTestNG.java:76)
]]>
    </failure>
  </testcase> <!-- testUntitled -->
</testsuite> <!-- Default test -->
