<?xml version="1.0" encoding="UTF-8"?>
<!-- Generated by org.testng.reporters.JUnitReportReporter -->
<testsuite skipped="0" hostname="DESKTOP-2EHDPTI" name="Logic.LoginLogout" tests="1" failures="0" timestamp="18 Mar 2020 09:14:34 GMT" time="66.958" errors="1">
  <testcase name="testUntitled" time="66.958" classname="Logic.LoginLogout">
    <error type="org.openqa.selenium.NoSuchElementException" message="no such element (An element could not be located on the page using the given search parameters (XPATH=&#039;/html/body/ion-app/ng-component/page-dashboard/ion-header/header/ion-navbar/div[2]/ion-grid/ion-row/ion-col[5]&#039;))  (WARNING: The server did not provide any stacktrace information)
Command duration or timeout: 10.50 seconds
For documentation on this error, please visit: http://seleniumhq.org/exceptions/no_such_element.html
Build info: version: &#039;2.53.0&#039;, revision: &#039;35ae25b1534ae328c771e0856c93e187490ca824&#039;, time: &#039;2016-03-15 10:43:46&#039;
System info: host: &#039;DESKTOP-2EHDPTI&#039;, ip: &#039;192.168.64.141&#039;, os.name: &#039;Windows 10&#039;, os.arch: &#039;amd64&#039;, os.version: &#039;10.0&#039;, java.version: &#039;1.8.0_161&#039;
Driver info: io.appium.java_client.android.AndroidDriver
Capabilities [{appPackage=com.android.chrome, device.majorVersion=5, dontGoHomeOnQuit=false, device.os=Android, noReset=false, dontStopAppOnReset=false, reservationDuration=240, reportFormat=xml, fullReset=false, platform=ANY, deviceUDID=ZDHUTW49BMOZAU8T, install.only.for.update=false, desired={appPackage=com.android.chrome, appActivity=com.google.android.apps.chrome.Main, reportDirectory=reports, reportFormat=xml, udid=ZDHUTW49BMOZAU8T, platformName=Android, testName=Untitled}, device.serialNumber=ZDHUTW49BMOZAU8T, locationServicesAuthorized=false, device.version=5.1, reportDirectory=reports, autoWebview=false, udid=ZDHUTW49BMOZAU8T, platformName=Android, testName=Untitled, device.screenSize=720x1280, useKeystore=false, test.type=Mobile, device.manufacture=OPPO, instrumentApp=false, appiumVersion=1.8.0, device.category=PHONE, autoDismissAlerts=false, reportUrl=C:\Users\CBS Testing\appiumstudio-reports\reports\test23, newSessionWaitTimeout=300, keystorePath=~/.android/debug.keystore, appActivity=com.google.android.apps.chrome.Main, waitForDeviceTimeout=120000, device.model=A1601, device.name=A1601, autoGrantPermissions=false, takeScreenshots=true, projectName=, autoAcceptAlerts=false}]
Session ID: 29fe362c-d022-4554-9288-24f76d96909a
*** Element info: {Using=xpath, value=/html/body/ion-app/ng-component/page-dashboard/ion-header/header/ion-navbar/div[2]/ion-grid/ion-row/ion-col[5]}">
      <![CDATA[org.openqa.selenium.NoSuchElementException: no such element (An element could not be located on the page using the given search parameters (XPATH='/html/body/ion-app/ng-component/page-dashboard/ion-header/header/ion-navbar/div[2]/ion-grid/ion-row/ion-col[5]'))  (WARNING: The server did not provide any stacktrace information)
Command duration or timeout: 10.50 seconds
For documentation on this error, please visit: http://seleniumhq.org/exceptions/no_such_element.html
Build info: version: '2.53.0', revision: '35ae25b1534ae328c771e0856c93e187490ca824', time: '2016-03-15 10:43:46'
System info: host: 'DESKTOP-2EHDPTI', ip: '192.168.64.141', os.name: 'Windows 10', os.arch: 'amd64', os.version: '10.0', java.version: '1.8.0_161'
Driver info: io.appium.java_client.android.AndroidDriver
Capabilities [{appPackage=com.android.chrome, device.majorVersion=5, dontGoHomeOnQuit=false, device.os=Android, noReset=false, dontStopAppOnReset=false, reservationDuration=240, reportFormat=xml, fullReset=false, platform=ANY, deviceUDID=ZDHUTW49BMOZAU8T, install.only.for.update=false, desired={appPackage=com.android.chrome, appActivity=com.google.android.apps.chrome.Main, reportDirectory=reports, reportFormat=xml, udid=ZDHUTW49BMOZAU8T, platformName=Android, testName=Untitled}, device.serialNumber=ZDHUTW49BMOZAU8T, locationServicesAuthorized=false, device.version=5.1, reportDirectory=reports, autoWebview=false, udid=ZDHUTW49BMOZAU8T, platformName=Android, testName=Untitled, device.screenSize=720x1280, useKeystore=false, test.type=Mobile, device.manufacture=OPPO, instrumentApp=false, appiumVersion=1.8.0, device.category=PHONE, autoDismissAlerts=false, reportUrl=C:\Users\CBS Testing\appiumstudio-reports\reports\test23, newSessionWaitTimeout=300, keystorePath=~/.android/debug.keystore, appActivity=com.google.android.apps.chrome.Main, waitForDeviceTimeout=120000, device.model=A1601, device.name=A1601, autoGrantPermissions=false, takeScreenshots=true, projectName=, autoAcceptAlerts=false}]
Session ID: 29fe362c-d022-4554-9288-24f76d96909a
*** Element info: {Using=xpath, value=/html/body/ion-app/ng-component/page-dashboard/ion-header/header/ion-navbar/div[2]/ion-grid/ion-row/ion-col[5]}
at sun.reflect.NativeConstructorAccessorImpl.newInstance0(Native Method)
at sun.reflect.NativeConstructorAccessorImpl.newInstance(Unknown Source)
at sun.reflect.DelegatingConstructorAccessorImpl.newInstance(Unknown Source)
at java.lang.reflect.Constructor.newInstance(Unknown Source)
at org.openqa.selenium.remote.ErrorHandler.createThrowable(ErrorHandler.java:206)
at org.openqa.selenium.remote.ErrorHandler.throwIfResponseFailed(ErrorHandler.java:158)
at org.openqa.selenium.remote.RemoteWebDriver.execute(RemoteWebDriver.java:678)
at io.appium.java_client.DefaultGenericMobileDriver.execute(DefaultGenericMobileDriver.java:43)
at io.appium.java_client.AppiumDriver.execute(AppiumDriver.java:1)
at io.appium.java_client.android.AndroidDriver.execute(AndroidDriver.java:1)
at org.openqa.selenium.remote.RemoteWebDriver.findElement(RemoteWebDriver.java:363)
at org.openqa.selenium.remote.RemoteWebDriver.findElementByXPath(RemoteWebDriver.java:500)
at io.appium.java_client.DefaultGenericMobileDriver.findElementByXPath(DefaultGenericMobileDriver.java:129)
at io.appium.java_client.AppiumDriver.findElementByXPath(AppiumDriver.java:1)
at io.appium.java_client.android.AndroidDriver.findElementByXPath(AndroidDriver.java:1)
at org.openqa.selenium.By$ByXPath.findElement(By.java:361)
at org.openqa.selenium.remote.RemoteWebDriver.findElement(RemoteWebDriver.java:355)
at io.appium.java_client.DefaultGenericMobileDriver.findElement(DefaultGenericMobileDriver.java:51)
at io.appium.java_client.AppiumDriver.findElement(AppiumDriver.java:1)
at io.appium.java_client.android.AndroidDriver.findElement(AndroidDriver.java:1)
at Logic.LoginLogout.testUntitled(LoginLogout.java:82)
at sun.reflect.NativeMethodAccessorImpl.invoke0(Native Method)
at sun.reflect.NativeMethodAccessorImpl.invoke(Unknown Source)
at sun.reflect.DelegatingMethodAccessorImpl.invoke(Unknown Source)
at java.lang.reflect.Method.invoke(Unknown Source)
at org.testng.internal.MethodInvocationHelper.invokeMethod(MethodInvocationHelper.java:124)
at org.testng.internal.Invoker.invokeMethod(Invoker.java:583)
at org.testng.internal.Invoker.invokeTestMethod(Invoker.java:719)
at org.testng.internal.Invoker.invokeTestMethods(Invoker.java:989)
at org.testng.internal.TestMethodWorker.invokeTestMethods(TestMethodWorker.java:125)
at org.testng.internal.TestMethodWorker.run(TestMethodWorker.java:109)
at org.testng.TestRunner.privateRun(TestRunner.java:648)
at org.testng.TestRunner.run(TestRunner.java:505)
at org.testng.SuiteRunner.runTest(SuiteRunner.java:455)
at org.testng.SuiteRunner.runSequentially(SuiteRunner.java:450)
at org.testng.SuiteRunner.privateRun(SuiteRunner.java:415)
at org.testng.SuiteRunner.run(SuiteRunner.java:364)
at org.testng.SuiteRunnerWorker.runSuite(SuiteRunnerWorker.java:52)
at org.testng.SuiteRunnerWorker.run(SuiteRunnerWorker.java:84)
at org.testng.TestNG.runSuitesSequentially(TestNG.java:1208)
at org.testng.TestNG.runSuitesLocally(TestNG.java:1137)
at org.testng.TestNG.runSuites(TestNG.java:1049)
at org.testng.TestNG.run(TestNG.java:1017)
at org.testng.remote.AbstractRemoteTestNG.run(AbstractRemoteTestNG.java:132)
at org.testng.remote.RemoteTestNG.initAndRun(RemoteTestNG.java:230)
at org.testng.remote.RemoteTestNG.main(RemoteTestNG.java:76)
]]>
    </error>
  </testcase> <!-- testUntitled -->
</testsuite> <!-- Logic.LoginLogout -->
