<?xml version="1.0" encoding="UTF-8"?>
<!-- Generated by org.testng.reporters.JUnitReportReporter -->
<testsuite skipped="0" hostname="10503-2F-FB0V6T2" name="TestScripts.Gothra_SelectedPP" tests="1" failures="1" timestamp="2020-02-13T16:31:11 IST" time="119.310" errors="0">
  <testcase name="gothram_SearchTest1" time="119.310" classname="TestScripts.Gothra_SelectedPP">
    <failure type="java.lang.AssertionError" message="The following asserts failed:
	gothra not matching for profile 1 : IYR362194 did not expect to find [true] but found [false],
	gothra not matching for profile 2 : IYR330733 did not expect to find [true] but found [false],
	gothra not matching for profile 3 : IYR358666 did not expect to find [true] but found [false],
	gothra not matching for profile 4 : IYR325372 did not expect to find [true] but found [false],
	gothra not matching for profile 5 : IYR346546 did not expect to find [true] but found [false]">
      <![CDATA[java.lang.AssertionError: The following asserts failed:
gothra not matching for profile 1 : IYR362194 did not expect to find [true] but found [false],
gothra not matching for profile 2 : IYR330733 did not expect to find [true] but found [false],
gothra not matching for profile 3 : IYR358666 did not expect to find [true] but found [false],
gothra not matching for profile 4 : IYR325372 did not expect to find [true] but found [false],
gothra not matching for profile 5 : IYR346546 did not expect to find [true] but found [false]
at org.testng.asserts.SoftAssert.assertAll(SoftAssert.java:47)
at org.testng.asserts.SoftAssert.assertAll(SoftAssert.java:31)
at TestScripts.Gothra_SelectedPP.gothram_SearchTest1(Gothra_SelectedPP.java:165)
at sun.reflect.NativeMethodAccessorImpl.invoke0(Native Method)
at sun.reflect.NativeMethodAccessorImpl.invoke(Unknown Source)
at sun.reflect.DelegatingMethodAccessorImpl.invoke(Unknown Source)
at java.lang.reflect.Method.invoke(Unknown Source)
at org.testng.internal.MethodInvocationHelper.invokeMethod(MethodInvocationHelper.java:133)
at org.testng.internal.TestInvoker.invokeMethod(TestInvoker.java:584)
at org.testng.internal.TestInvoker.invokeTestMethod(TestInvoker.java:172)
at org.testng.internal.MethodRunner.runInSequence(MethodRunner.java:46)
at org.testng.internal.TestInvoker$MethodInvocationAgent.invoke(TestInvoker.java:804)
at org.testng.internal.TestInvoker.invokeTestMethods(TestInvoker.java:145)
at org.testng.internal.TestMethodWorker.invokeTestMethods(TestMethodWorker.java:146)
at org.testng.internal.TestMethodWorker.run(TestMethodWorker.java:128)
at java.util.ArrayList.forEach(Unknown Source)
at org.testng.TestRunner.privateRun(TestRunner.java:770)
at org.testng.TestRunner.run(TestRunner.java:591)
at org.testng.SuiteRunner.runTest(SuiteRunner.java:402)
at org.testng.SuiteRunner.runSequentially(SuiteRunner.java:396)
at org.testng.SuiteRunner.privateRun(SuiteRunner.java:355)
at org.testng.SuiteRunner.run(SuiteRunner.java:304)
at org.testng.SuiteRunnerWorker.runSuite(SuiteRunnerWorker.java:53)
at org.testng.SuiteRunnerWorker.run(SuiteRunnerWorker.java:96)
at org.testng.TestNG.runSuitesSequentially(TestNG.java:1180)
at org.testng.TestNG.runSuitesLocally(TestNG.java:1102)
at org.testng.TestNG.runSuites(TestNG.java:1032)
at org.testng.TestNG.run(TestNG.java:1000)
at org.testng.remote.AbstractRemoteTestNG.run(AbstractRemoteTestNG.java:115)
at org.testng.remote.RemoteTestNG.initAndRun(RemoteTestNG.java:251)
at org.testng.remote.RemoteTestNG.main(RemoteTestNG.java:77)
]]>
    </failure>
  </testcase> <!-- gothram_SearchTest1 -->
</testsuite> <!-- TestScripts.Gothra_SelectedPP -->
