<?xml version="1.0" encoding="UTF-8"?>
<testng-results skipped="0" failed="1" total="1" passed="0">
  <reporter-output>
  </reporter-output>
  <suite name="Default suite" duration-ms="3578" started-at="2019-08-05T08:39:11Z" finished-at="2019-08-05T08:39:15Z">
    <groups>
    </groups>
    <test name="Default test" duration-ms="3578" started-at="2019-08-05T08:39:11Z" finished-at="2019-08-05T08:39:15Z">
      <class name="Task.com.Matri.com.EditPI">
        <test-method status="PASS" signature="setUp1()[pri:0, instance:Task.com.Matri.com.EditPI@1bce4f0a]" name="setUp1" is-config="true" duration-ms="3139" started-at="2019-08-05T14:09:11Z" finished-at="2019-08-05T14:09:14Z">
          <reporter-output>
          </reporter-output>
        </test-method> <!-- setUp1 -->
        <test-method status="FAIL" signature="testUntitled()[pri:0, instance:Task.com.Matri.com.EditPI@1bce4f0a]" name="testUntitled" duration-ms="3" started-at="2019-08-05T14:09:14Z" finished-at="2019-08-05T14:09:14Z">
          <exception class="java.lang.Error">
            <message>
              <![CDATA[Unresolved compilation problems: 
	The method findElementByXPath(String) is undefined for the type WebDriver
	The method findElementByXPath(String) is undefined for the type WebDriver
	The method swipe(int, int, int, int, int) is undefined for the type WebDriver
	The method swipe(int, int, int, int, int) is undefined for the type WebDriver
	The method swipe(int, int, int, int, int) is undefined for the type WebDriver
	The method findElementByXPath(String) is undefined for the type WebDriver
	The method findElementByXPath(String) is undefined for the type WebDriver
	The method findElementByXPath(String) is undefined for the type WebDriver
	The method findElementByXPath(String) is undefined for the type WebDriver
	The method findElementByXPath(String) is undefined for the type WebDriver
	The method findElementByXPath(String) is undefined for the type WebDriver
	The method findElementByXPath(String) is undefined for the type WebDriver
	The method findElementByXPath(String) is undefined for the type WebDriver
	The method findElementByXPath(String) is undefined for the type WebDriver
	The method findElementByXPath(String) is undefined for the type WebDriver
	The method findElementByXPath(String) is undefined for the type WebDriver
]]>
            </message>
            <full-stacktrace>
              <![CDATA[java.lang.Error: Unresolved compilation problems: 
	The method findElementByXPath(String) is undefined for the type WebDriver
	The method findElementByXPath(String) is undefined for the type WebDriver
	The method swipe(int, int, int, int, int) is undefined for the type WebDriver
	The method swipe(int, int, int, int, int) is undefined for the type WebDriver
	The method swipe(int, int, int, int, int) is undefined for the type WebDriver
	The method findElementByXPath(String) is undefined for the type WebDriver
	The method findElementByXPath(String) is undefined for the type WebDriver
	The method findElementByXPath(String) is undefined for the type WebDriver
	The method findElementByXPath(String) is undefined for the type WebDriver
	The method findElementByXPath(String) is undefined for the type WebDriver
	The method findElementByXPath(String) is undefined for the type WebDriver
	The method findElementByXPath(String) is undefined for the type WebDriver
	The method findElementByXPath(String) is undefined for the type WebDriver
	The method findElementByXPath(String) is undefined for the type WebDriver
	The method findElementByXPath(String) is undefined for the type WebDriver
	The method findElementByXPath(String) is undefined for the type WebDriver

	at Task.com.Matri.com.EditPI.testUntitled(EditPI.java:87)
	at sun.reflect.NativeMethodAccessorImpl.invoke0(Native Method)
	at sun.reflect.NativeMethodAccessorImpl.invoke(Unknown Source)
	at sun.reflect.DelegatingMethodAccessorImpl.invoke(Unknown Source)
	at java.lang.reflect.Method.invoke(Unknown Source)
	at org.testng.internal.MethodInvocationHelper.invokeMethod(MethodInvocationHelper.java:80)
	at org.testng.internal.Invoker.invokeMethod(Invoker.java:715)
	at org.testng.internal.Invoker.invokeTestMethod(Invoker.java:907)
	at org.testng.internal.Invoker.invokeTestMethods(Invoker.java:1237)
	at org.testng.internal.TestMethodWorker.invokeTestMethods(TestMethodWorker.java:127)
	at org.testng.internal.TestMethodWorker.run(TestMethodWorker.java:111)
	at org.testng.TestRunner.privateRun(TestRunner.java:767)
	at org.testng.TestRunner.run(TestRunner.java:617)
	at org.testng.SuiteRunner.runTest(SuiteRunner.java:334)
	at org.testng.SuiteRunner.runSequentially(SuiteRunner.java:329)
	at org.testng.SuiteRunner.privateRun(SuiteRunner.java:291)
	at org.testng.SuiteRunner.run(SuiteRunner.java:240)
	at org.testng.SuiteRunnerWorker.runSuite(SuiteRunnerWorker.java:51)
	at org.testng.SuiteRunnerWorker.run(SuiteRunnerWorker.java:85)
	at org.testng.TestNG.runSuitesSequentially(TestNG.java:1197)
	at org.testng.TestNG.runSuitesLocally(TestNG.java:1122)
	at org.testng.TestNG.run(TestNG.java:1030)
	at org.testng.remote.AbstractRemoteTestNG.run(AbstractRemoteTestNG.java:132)
	at org.testng.remote.RemoteTestNG.initAndRun(RemoteTestNG.java:230)
	at org.testng.remote.RemoteTestNG.main(RemoteTestNG.java:76)
]]>
            </full-stacktrace>
          </exception> <!-- java.lang.Error -->
          <reporter-output>
          </reporter-output>
        </test-method> <!-- testUntitled -->
        <test-method status="FAIL" signature="takeScreenShotOnFailure(org.testng.ITestResult)[pri:0, instance:Task.com.Matri.com.EditPI@1bce4f0a]" name="takeScreenShotOnFailure" is-config="true" duration-ms="0" started-at="2019-08-05T14:09:14Z" finished-at="2019-08-05T14:09:14Z">
          <params>
            <param index="0">
              <value>
                <![CDATA[[TestResult: testUntitled STATUS:FAILURE METHOD:EditPI.testUntitled()[pri:0, instance:Task.com.Matri.com.EditPI@1bce4f0a]]
]]>
              </value>
            </param>
          </params>
          <exception class="java.io.IOException">
            <message>
              <![CDATA[Destination 'C:\Users\Admin\workspace\PwaApp\screenshot' directory cannot be created]]>
            </message>
            <full-stacktrace>
              <![CDATA[java.io.IOException: Destination 'C:\Users\Admin\workspace\PwaApp\screenshot' directory cannot be created
	at org.apache.commons.io.FileUtils.copyFile(FileUtils.java:1085)
	at org.apache.commons.io.FileUtils.copyFile(FileUtils.java:1038)
	at Task.com.Matri.com.EditPI.takeScreenShotOnFailure(EditPI.java:232)
	at sun.reflect.NativeMethodAccessorImpl.invoke0(Native Method)
	at sun.reflect.NativeMethodAccessorImpl.invoke(Unknown Source)
	at sun.reflect.DelegatingMethodAccessorImpl.invoke(Unknown Source)
	at java.lang.reflect.Method.invoke(Unknown Source)
	at org.testng.internal.MethodInvocationHelper.invokeMethod(MethodInvocationHelper.java:80)
	at org.testng.internal.Invoker.invokeConfigurationMethod(Invoker.java:564)
	at org.testng.internal.Invoker.invokeConfigurations(Invoker.java:213)
	at org.testng.internal.Invoker.invokeMethod(Invoker.java:796)
	at org.testng.internal.Invoker.invokeTestMethod(Invoker.java:907)
	at org.testng.internal.Invoker.invokeTestMethods(Invoker.java:1237)
	at org.testng.internal.TestMethodWorker.invokeTestMethods(TestMethodWorker.java:127)
	at org.testng.internal.TestMethodWorker.run(TestMethodWorker.java:111)
	at org.testng.TestRunner.privateRun(TestRunner.java:767)
	at org.testng.TestRunner.run(TestRunner.java:617)
	at org.testng.SuiteRunner.runTest(SuiteRunner.java:334)
	at org.testng.SuiteRunner.runSequentially(SuiteRunner.java:329)
	at org.testng.SuiteRunner.privateRun(SuiteRunner.java:291)
	at org.testng.SuiteRunner.run(SuiteRunner.java:240)
	at org.testng.SuiteRunnerWorker.runSuite(SuiteRunnerWorker.java:51)
	at org.testng.SuiteRunnerWorker.run(SuiteRunnerWorker.java:85)
	at org.testng.TestNG.runSuitesSequentially(TestNG.java:1197)
	at org.testng.TestNG.runSuitesLocally(TestNG.java:1122)
	at org.testng.TestNG.run(TestNG.java:1030)
	at org.testng.remote.AbstractRemoteTestNG.run(AbstractRemoteTestNG.java:132)
	at org.testng.remote.RemoteTestNG.initAndRun(RemoteTestNG.java:230)
	at org.testng.remote.RemoteTestNG.main(RemoteTestNG.java:76)
]]>
            </full-stacktrace>
          </exception> <!-- java.io.IOException -->
          <reporter-output>
          </reporter-output>
        </test-method> <!-- takeScreenShotOnFailure -->
      </class> <!-- Task.com.Matri.com.EditPI -->
    </test> <!-- Default test -->
  </suite> <!-- Default suite -->
</testng-results>
