<?xml version="1.0" encoding="UTF-8"?>
<!-- Generated by org.testng.reporters.JUnitXMLReporter -->
<testsuite hostname="DESKTOP-E21Q8AT" ignored="2" name="Default test(failed)" tests="1" failures="1" timestamp="13 Feb 2019 08:53:41 GMT" time="64.553" errors="0">
  <testcase name="profile_Awaiting_response" time="12.459" classname="TestScripts.DashBoard_Proifle_Completness">
    <failure type="org.openqa.selenium.NoSuchElementException" message="no such element (An element could not be located on the page using the given search parameters (XPATH=&amp;apos;//*[@text=&amp;apos;Profile(s) awaiting Response&amp;apos;]&amp;apos;))  (WARNING: The server did not provide any stacktrace information)
Command duration or timeout: 2.44 seconds
For documentation on this error, please visit: http://seleniumhq.org/exceptions/no_such_element.html
Build info: version: &amp;apos;2.52.0&amp;apos;, revision: &amp;apos;4c2593cfc3689a7fcd7be52549167e5ccc93ad28&amp;apos;, time: &amp;apos;2016-02-11 11:22:43&amp;apos;
System info: host: &amp;apos;DESKTOP-E21Q8AT&amp;apos;, ip: &amp;apos;192.168.56.1&amp;apos;, os.name: &amp;apos;Windows 10&amp;apos;, os.arch: &amp;apos;amd64&amp;apos;, os.version: &amp;apos;10.0&amp;apos;, java.version: &amp;apos;1.8.0_162&amp;apos;
Driver info: io.appium.java_client.android.AndroidDriver
Capabilities [{appPackage=com.community.matrimony, device.majorVersion=6, dontGoHomeOnQuit=false, device.os=Android, noReset=false, dontStopAppOnReset=false, reservationDuration=240, reportFormat=xml, fullReset=false, platform=ANY, deviceUDID=21d9e22c, install.only.for.update=false, desired={appPackage=com.community.matrimony, appActivity=com.domaininstance.ui.activities.Splash, reportDirectory=reports, reportFormat=xml, udid=21d9e22c, platformName=Android, testName=Untitled}, device.serialNumber=21d9e22c, locationServicesAuthorized=false, device.version=6.0.1, reportDirectory=reports, autoWebview=false, udid=21d9e22c, platformName=Android, testName=Untitled, device.screenSize=1080x1920, useKeystore=false, test.type=Mobile, device.manufacture=Xiaomi, instrumentApp=false, appiumVersion=1.8.0, device.category=PHONE, autoDismissAlerts=false, reportUrl=C:\Users\amuthan\appiumstudio-reports\reports\test1168, newSessionWaitTimeout=300, keystorePath=~/.android/debug.keystore, appActivity=com.domaininstance.ui.activities.Splash, waitForDeviceTimeout=120000, device.model=Redmi Note 3, device.name=ANDROID, autoGrantPermissions=false, takeScreenshots=true, projectName=, autoAcceptAlerts=false}]
Session ID: e9f27077-03f2-4053-b78a-10f0de97728e
*** Element info: {Using=xpath, value=//*[@text=&amp;apos;Profile(s) awaiting Response&amp;apos;]}">
      <![CDATA[org.openqa.selenium.NoSuchElementException: no such element (An element could not be located on the page using the given search parameters (XPATH='//*[@text='Profile(s) awaiting Response']'))  (WARNING: The server did not provide any stacktrace information)
Command duration or timeout: 2.44 seconds
For documentation on this error, please visit: http://seleniumhq.org/exceptions/no_such_element.html
Build info: version: '2.52.0', revision: '4c2593cfc3689a7fcd7be52549167e5ccc93ad28', time: '2016-02-11 11:22:43'
System info: host: 'DESKTOP-E21Q8AT', ip: '192.168.56.1', os.name: 'Windows 10', os.arch: 'amd64', os.version: '10.0', java.version: '1.8.0_162'
Driver info: io.appium.java_client.android.AndroidDriver
Capabilities [{appPackage=com.community.matrimony, device.majorVersion=6, dontGoHomeOnQuit=false, device.os=Android, noReset=false, dontStopAppOnReset=false, reservationDuration=240, reportFormat=xml, fullReset=false, platform=ANY, deviceUDID=21d9e22c, install.only.for.update=false, desired={appPackage=com.community.matrimony, appActivity=com.domaininstance.ui.activities.Splash, reportDirectory=reports, reportFormat=xml, udid=21d9e22c, platformName=Android, testName=Untitled}, device.serialNumber=21d9e22c, locationServicesAuthorized=false, device.version=6.0.1, reportDirectory=reports, autoWebview=false, udid=21d9e22c, platformName=Android, testName=Untitled, device.screenSize=1080x1920, useKeystore=false, test.type=Mobile, device.manufacture=Xiaomi, instrumentApp=false, appiumVersion=1.8.0, device.category=PHONE, autoDismissAlerts=false, reportUrl=C:\Users\amuthan\appiumstudio-reports\reports\test1168, newSessionWaitTimeout=300, keystorePath=~/.android/debug.keystore, appActivity=com.domaininstance.ui.activities.Splash, waitForDeviceTimeout=120000, device.model=Redmi Note 3, device.name=ANDROID, autoGrantPermissions=false, takeScreenshots=true, projectName=, autoAcceptAlerts=false}]
Session ID: e9f27077-03f2-4053-b78a-10f0de97728e
*** Element info: {Using=xpath, value=//*[@text='Profile(s) awaiting Response']}
at org.openqa.selenium.remote.ErrorHandler.createThrowable(ErrorHandler.java:206)
at org.openqa.selenium.remote.ErrorHandler.throwIfResponseFailed(ErrorHandler.java:158)
at org.openqa.selenium.remote.RemoteWebDriver.execute(RemoteWebDriver.java:678)
at io.appium.java_client.DefaultGenericMobileDriver.execute(DefaultGenericMobileDriver.java:43)
at io.appium.java_client.AppiumDriver.execute(AppiumDriver.java:1)
at io.appium.java_client.android.AndroidDriver.execute(AndroidDriver.java:1)
at org.openqa.selenium.remote.RemoteWebDriver.findElement(RemoteWebDriver.java:363)
at org.openqa.selenium.remote.RemoteWebDriver.findElementByXPath(RemoteWebDriver.java:500)
at io.appium.java_client.DefaultGenericMobileDriver.findElementByXPath(DefaultGenericMobileDriver.java:129)
at io.appium.java_client.AppiumDriver.findElementByXPath(AppiumDriver.java:1)
at io.appium.java_client.android.AndroidDriver.findElementByXPath(AndroidDriver.java:1)
at org.openqa.selenium.By$ByXPath.findElement(By.java:361)
at org.openqa.selenium.remote.RemoteWebDriver.findElement(RemoteWebDriver.java:355)
at io.appium.java_client.DefaultGenericMobileDriver.findElement(DefaultGenericMobileDriver.java:51)
at io.appium.java_client.AppiumDriver.findElement(AppiumDriver.java:1)
at io.appium.java_client.android.AndroidDriver.findElement(AndroidDriver.java:1)
at org.openqa.selenium.support.pagefactory.DefaultElementLocator.findElement(DefaultElementLocator.java:69)
at org.openqa.selenium.support.pagefactory.internal.LocatingElementHandler.invoke(LocatingElementHandler.java:38)
at com.sun.proxy.$Proxy9.isDisplayed(Unknown Source)
at TestScripts.DashBoard_Proifle_Completness.profile_Awaiting_response(DashBoard_Proifle_Completness.java:242)
... Removed 29 stack frames]]>
    </failure>
  </testcase> <!-- profile_Awaiting_response -->
  <testcase name="photo_request" time="0.0" classname="TestScripts.DashBoard_Proifle_Completness">
    <ignored/>
  </testcase> <!-- photo_request -->
  <testcase name="Add_prefrences" time="0.0" classname="TestScripts.DashBoard_Proifle_Completness">
    <ignored/>
  </testcase> <!-- Add_prefrences -->
</testsuite> <!-- Default test(failed) -->
