<?xml version="1.0" encoding="UTF-8"?>
<!-- Generated by org.testng.reporters.JUnitReportReporter -->
<testsuite skipped="5" hostname="10503-2F-PG018EM7" name="SprintTask.GothramListing" tests="6" failures="0" timestamp="11 Feb 2020 10:02:22 GMT" time="301.939" errors="1">
  <testcase name="profile_Ignored" time="301.939" classname="SprintTask.GothramListing">
    <error type="java.lang.NumberFormatException" message="For input string: &quot;(0)&quot;">
      <![CDATA[java.lang.NumberFormatException: For input string: "(0)"
at java.lang.NumberFormatException.forInputString(Unknown Source)
at java.lang.Integer.parseInt(Unknown Source)
at java.lang.Integer.parseInt(Unknown Source)
at SprintTask.GothramListing.profile_Ignored(GothramListing.java:1254)
at sun.reflect.NativeMethodAccessorImpl.invoke0(Native Method)
at sun.reflect.NativeMethodAccessorImpl.invoke(Unknown Source)
at sun.reflect.DelegatingMethodAccessorImpl.invoke(Unknown Source)
at java.lang.reflect.Method.invoke(Unknown Source)
at org.testng.internal.MethodInvocationHelper.invokeMethod(MethodInvocationHelper.java:124)
at org.testng.internal.Invoker.invokeMethod(Invoker.java:580)
at org.testng.internal.Invoker.invokeTestMethod(Invoker.java:716)
at org.testng.internal.Invoker.invokeTestMethods(Invoker.java:988)
at org.testng.internal.TestMethodWorker.invokeTestMethods(TestMethodWorker.java:125)
at org.testng.internal.TestMethodWorker.run(TestMethodWorker.java:109)
at org.testng.TestRunner.privateRun(TestRunner.java:648)
at org.testng.TestRunner.run(TestRunner.java:505)
at org.testng.SuiteRunner.runTest(SuiteRunner.java:455)
at org.testng.SuiteRunner.runSequentially(SuiteRunner.java:450)
at org.testng.SuiteRunner.privateRun(SuiteRunner.java:415)
at org.testng.SuiteRunner.run(SuiteRunner.java:364)
at org.testng.SuiteRunnerWorker.runSuite(SuiteRunnerWorker.java:52)
at org.testng.SuiteRunnerWorker.run(SuiteRunnerWorker.java:84)
at org.testng.TestNG.runSuitesSequentially(TestNG.java:1208)
at org.testng.TestNG.runSuitesLocally(TestNG.java:1137)
at org.testng.TestNG.runSuites(TestNG.java:1049)
at org.testng.TestNG.run(TestNG.java:1017)
at org.testng.remote.AbstractRemoteTestNG.run(AbstractRemoteTestNG.java:114)
at org.testng.remote.RemoteTestNG.initAndRun(RemoteTestNG.java:251)
at org.testng.remote.RemoteTestNG.main(RemoteTestNG.java:77)
]]>
    </error>
  </testcase> <!-- profile_Ignored -->
  <testcase name="mobile_No_Viewed" classname="SprintTask.GothramListing">
    <skipped/>
  </testcase> <!-- mobile_No_Viewed -->
  <testcase name="viewed_Not_Contact" classname="SprintTask.GothramListing">
    <skipped/>
  </testcase> <!-- viewed_Not_Contact -->
  <testcase name="latestMatch" classname="SprintTask.GothramListing">
    <skipped/>
  </testcase> <!-- latestMatch -->
  <testcase name="premiumMatch" classname="SprintTask.GothramListing">
    <skipped/>
  </testcase> <!-- premiumMatch -->
  <testcase name="yetToBeView" classname="SprintTask.GothramListing">
    <skipped/>
  </testcase> <!-- yetToBeView -->
</testsuite> <!-- SprintTask.GothramListing -->
